Castle Network Generator (CNG) Startup
==========
Initialized at 2020-06-03 00:03:53.518636
API_URL: 
HOSTNAME: Yaels-MacBook-Pro-2.local
HOST OS: macOS-10.15.4-x86_64-i386-64bit
LOG_TITLE: Yaels-MacBook-Pro-2.local-macOS-10.15.4-x86_64-i386-64bit-client.log
WEIGHT: []
EMAIL_TO: 
EMAIL_AUTHOR: 
EMAIL_SERVER: 
EMAIL_SUBJECT: Email from Yaels-MacBook-Pro-2.local
EMAIL_BODY: Email from Yaels-MacBook-Pro-2.local
==========

CNG: 06/03/2020 00:03:53 Visiting 'http://noaa.gov
CNG: 06/03/2020 00:04:01 Visiting 'http://search.google.com
CNG: 06/03/2020 00:04:11 Visiting 'http://mail.ru
CNG: 06/03/2020 00:04:22 Visiting 'http://livescience.com
CNG: 06/03/2020 00:04:29 Visiting 'http://bbc.co.uk
CNG: 06/03/2020 00:04:30 Visiting 'http://jimdofree.com
CNG: 06/03/2020 00:04:33 Visiting 'http://dribbble.com
CNG: 06/03/2020 00:04:38 Visiting 'http://guardian.co.uk
CNG: 06/03/2020 00:04:46 Visiting 'http://foxnews.com
CNG: 06/03/2020 00:04:48 Visiting 'http://office.com
CNG: 06/03/2020 00:04:49 Visiting 'http://discovery.com
CNG: 06/03/2020 00:04:54 Visiting 'http://www.blogger.com
CNG: 06/03/2020 00:05:05 Visiting 'http://amazon.de
CNG: 06/03/2020 00:05:14 Visiting 'http://whitehouse.gov
CNG: 06/03/2020 00:05:25 Visiting 'http://netvibes.com
CNG: 06/03/2020 00:05:37 Visiting 'http://naver.jp
CNG: 06/03/2020 00:05:45 Visiting 'http://merriam-webster.com
CNG: 06/03/2020 00:05:48 Visiting 'http://deezer.com
CNG: 06/03/2020 00:05:49 Visiting 'http://mail.google.com
CNG: 06/03/2020 00:06:00 Visiting 'http://scoop.it
CNG: 06/03/2020 00:06:11 Visiting 'http://apple.com
CNG: 06/03/2020 00:06:22 Visiting 'http://telegram.me
CNG: 06/03/2020 00:06:23 Visiting 'http://hollywoodreporter.com
CNG: 06/03/2020 00:06:28 Visiting 'http://calameo.com
CNG: 06/03/2020 00:06:33 Visiting 'http://loc.gov
CNG: 06/03/2020 00:06:38 Visiting 'http://princeton.edu
CNG: 06/03/2020 00:06:41 Visiting 'http://huffpost.com
